<?xml version="1.0" encoding="UTF-8"?>
<!-- Generated by org.testng.reporters.JUnitXMLReporter -->
<testsuite ignored="3" hostname="DESKTOP-9E2308E" failures="0" tests="1" name="Default test" time="2.75" errors="0" timestamp="2026-08-06T22:38:06 IST">
  <testcase classname="tests.Employees" name="getAllEmployees" time="2.723"/>
  <testcase classname="tests.Employees" name="updateEmployee" time="0.0">
    <ignored/>
  </testcase> <!-- updateEmployee -->
  <testcase classname="tests.Employees" name="createEmployee" time="0.0">
    <ignored/>
  </testcase> <!-- createEmployee -->
  <testcase classname="tests.Employees" name="getEmployee" time="0.0">
    <ignored/>
  </testcase> <!-- getEmployee -->
</testsuite> <!-- Default test -->
