<?xml version="1.0" encoding="UTF-8"?>
<!-- Generated by org.testng.reporters.JUnitXMLReporter -->
<testsuite ignored="2" hostname="Pradeep-TW" failures="0" tests="1" name="Default test" time="4.102" errors="0" timestamp="2026-07-31T17:21:22 IST">
  <testcase classname="tests.Employees" name="updateEmployee" time="4.059"/>
  <testcase classname="tests.Employees" name="getEmployee" time="0.0">
    <ignored/>
  </testcase> <!-- getEmployee -->
  <testcase classname="tests.Employees" name="getAllEmployees" time="0.0">
    <ignored/>
  </testcase> <!-- getAllEmployees -->
</testsuite> <!-- Default test -->
