<?xml version="1.0" encoding="UTF-8"?>
<testng-results ignored="0" total="1" passed="1" failed="0" skipped="0">
  <reporter-output>
  </reporter-output>
  <suite started-at="2026-07-30T10:07:13 IST" name="Default suite" finished-at="2026-07-30T10:07:17 IST" duration-ms="3274">
    <groups>
    </groups>
    <test started-at="2026-07-30T10:07:13 IST" name="Default test" finished-at="2026-07-30T10:07:17 IST" duration-ms="3274">
      <class name="tests.Employees">
        <test-method signature="getAllEmployees()[pri:0, instance:tests.Employees@2f9f7dcf]" started-at="2026-07-30T10:07:13 IST" name="getAllEmployees" finished-at="2026-07-30T10:07:17 IST" duration-ms="3237" status="PASS">
          <reporter-output>
          </reporter-output>
        </test-method> <!-- getAllEmployees -->
      </class> <!-- tests.Employees -->
    </test> <!-- Default test -->
  </suite> <!-- Default suite -->
</testng-results>
