<?xml version="1.0" encoding="UTF-8"?>
<testng-results ignored="2" total="3" passed="1" failed="0" skipped="0">
  <reporter-output>
  </reporter-output>
  <suite started-at="2026-07-31T17:21:18 IST" name="Default suite" finished-at="2026-07-31T17:21:22 IST" duration-ms="4102">
    <groups>
    </groups>
    <test started-at="2026-07-31T17:21:18 IST" name="Default test" finished-at="2026-07-31T17:21:22 IST" duration-ms="4102">
      <class name="tests.Employees">
        <test-method signature="updateEmployee()[pri:0, instance:tests.Employees@1bd4fdd]" started-at="2026-07-31T17:21:18 IST" name="updateEmployee" finished-at="2026-07-31T17:21:22 IST" duration-ms="4059" status="PASS">
          <reporter-output>
          </reporter-output>
        </test-method> <!-- updateEmployee -->
      </class> <!-- tests.Employees -->
    </test> <!-- Default test -->
  </suite> <!-- Default suite -->
</testng-results>
